  [1m[36m (101.6ms)[0m  [1mCREATE TABLE "schema_migrations" ("version" varchar NOT NULL) [0m
  [1m[35m (0.1ms)[0m  select sqlite_version(*)
  [1m[36m (88.5ms)[0m  [1mCREATE UNIQUE INDEX "unique_schema_migrations" ON "schema_migrations" ("version")[0m
  [1m[35mActiveRecord::SchemaMigration Load (0.1ms)[0m  SELECT "schema_migrations".* FROM "schema_migrations"
Migrating to CreateArticles (20160221143930)
  [1m[36m (0.0ms)[0m  [1mbegin transaction[0m
  [1m[35m (0.3ms)[0m  CREATE TABLE "articles" ("id" INTEGER PRIMARY KEY AUTOINCREMENT NOT NULL, "title" varchar) 
  [1m[36mSQL (0.1ms)[0m  [1mINSERT INTO "schema_migrations" ("version") VALUES (?)[0m  [["version", "20160221143930"]]
  [1m[35m (88.9ms)[0m  commit transaction
Migrating to AddDescriptionToArticles (20160221144814)
  [1m[36m (0.1ms)[0m  [1mbegin transaction[0m
  [1m[35m (0.3ms)[0m  ALTER TABLE "articles" ADD "description" text
  [1m[36m (0.1ms)[0m  [1mALTER TABLE "articles" ADD "created_at" datetime[0m
  [1m[35m (0.1ms)[0m  ALTER TABLE "articles" ADD "updated_at" datetime
  [1m[36mSQL (0.1ms)[0m  [1mINSERT INTO "schema_migrations" ("version") VALUES (?)[0m  [["version", "20160221144814"]]
  [1m[35m (71.5ms)[0m  commit transaction
Migrating to AddNameToUsers (20160221180942)
  [1m[36m (0.1ms)[0m  [1mbegin transaction[0m
  [1m[35m (0.3ms)[0m  CREATE TABLE "users" ("id" INTEGER PRIMARY KEY AUTOINCREMENT NOT NULL) 
  [1m[36m (0.1ms)[0m  [1mALTER TABLE "users" ADD "name" varchar[0m
  [1m[35mSQL (0.1ms)[0m  INSERT INTO "schema_migrations" ("version") VALUES (?)  [["version", "20160221180942"]]
  [1m[36m (80.1ms)[0m  [1mcommit transaction[0m
  [1m[35mActiveRecord::SchemaMigration Load (0.1ms)[0m  SELECT "schema_migrations".* FROM "schema_migrations"


Started GET "/" for 127.0.0.1 at 2016-02-22 12:29:15 -0300
  [1m[36mActiveRecord::SchemaMigration Load (0.1ms)[0m  [1mSELECT "schema_migrations".* FROM "schema_migrations"[0m
Processing by PagesController#homepage as HTML
  Rendered pages/homepage.html.erb within layouts/application (1.0ms)
  Rendered layouts/_navigation.html.erb (0.6ms)
  Rendered layouts/_messages.html.erb (0.4ms)
  Rendered layouts/_footer.html.erb (0.3ms)
Completed 200 OK in 3278ms (Views: 3271.5ms | ActiveRecord: 0.0ms)


Started GET "/assets/custom.self-9c1ce6e48829935393b249cc494c29061727a1d8ab6bd9be26e4efce07827b02.css?body=1" for 127.0.0.1 at 2016-02-22 12:29:18 -0300


Started GET "/assets/application.self-e80e8f2318043e8af94dddc2adad5a4f09739a8ebb323b3ab31cd71d45fd9113.css?body=1" for 127.0.0.1 at 2016-02-22 12:29:18 -0300


Started GET "/assets/bootstrap/affix.self-3555752f8a930795ee9e56751a52e6871104ae85d01b3ab8363da3802a5ecc78.js?body=1" for 127.0.0.1 at 2016-02-22 12:29:18 -0300


Started GET "/assets/bootstrap/alert.self-d8b7bd612b3dcfdefb7b5539b9d5848d66ccbd3e7af8bb8d48bfb3288aaa7be8.js?body=1" for 127.0.0.1 at 2016-02-22 12:29:18 -0300


Started GET "/assets/jquery.self-c64a74367bda6ef8b860f19e74df08927ca99d2be2ac934e9e92d5fd361e0da4.js?body=1" for 127.0.0.1 at 2016-02-22 12:29:18 -0300


Started GET "/assets/jquery_ujs.self-d602bdfe68ffc63b9f9cc512872aa3cfff046228a0a36e90dd476e8ef54c1b09.js?body=1" for 127.0.0.1 at 2016-02-22 12:29:18 -0300


Started GET "/assets/bootstrap/button.self-e74d33ba39500940a78d6fa4d2d64f6ca7fd86d60a2149641f7fde7ba711d8a1.js?body=1" for 127.0.0.1 at 2016-02-22 12:29:18 -0300


Started GET "/assets/bootstrap/carousel.self-35d204878d906298e55bc24553e11fd89b980fc4ffe5792fe36af8c0da289c54.js?body=1" for 127.0.0.1 at 2016-02-22 12:29:18 -0300


Started GET "/assets/bootstrap/collapse.self-056c40532d9f0f126ec17e839f60c942f573fbd61a086e7f156306e3fc5e8c1f.js?body=1" for 127.0.0.1 at 2016-02-22 12:29:18 -0300


Started GET "/assets/bootstrap/dropdown.self-e56c2ffee4618411d43ecf15c89273f6223847ad756e1cd17545d04afa732ed4.js?body=1" for 127.0.0.1 at 2016-02-22 12:29:18 -0300


Started GET "/assets/bootstrap/modal.self-62463080dba6b9d024ff0a3192da0e76eacbc683194f3395047c6f5cfa0acb59.js?body=1" for 127.0.0.1 at 2016-02-22 12:29:18 -0300


Started GET "/assets/bootstrap/scrollspy.self-52afd90e8ba97d9f08617a13986e8869d6c4a45751c0bff59a6f91241e722aca.js?body=1" for 127.0.0.1 at 2016-02-22 12:29:18 -0300


Started GET "/assets/bootstrap/tab.self-dad0d5c377f9fae26394484535ebb23ccf68afae084f896af6ea4cdf8c9f6ae0.js?body=1" for 127.0.0.1 at 2016-02-22 12:29:18 -0300


Started GET "/assets/bootstrap/transition.self-3b268d4cd8c79e46ded7392885f72f64ffb5b0d49948a12b8cf9779f6163e13a.js?body=1" for 127.0.0.1 at 2016-02-22 12:29:18 -0300


Started GET "/assets/bootstrap/tooltip.self-facdc69246a072acb927ded77ff655f7c27a518b9357fddd45d119fbc8a0ab9f.js?body=1" for 127.0.0.1 at 2016-02-22 12:29:18 -0300


Started GET "/assets/bootstrap/popover.self-210cff1fb4b72b71a29b5122180cb5937c8145cd13a934dc838280f1d9607a3e.js?body=1" for 127.0.0.1 at 2016-02-22 12:29:18 -0300


Started GET "/assets/bootstrap-sprockets.self-fbfa5ad7d9aa0afe439ec4ff3883acc4cb92b62cb67c40d674320c9aa1d4642d.js?body=1" for 127.0.0.1 at 2016-02-22 12:29:18 -0300


Started GET "/assets/turbolinks.self-c37727e9bd6b2735da5c311aa83fead54ed0be6cc8bd9a65309e9c5abe2cbfff.js?body=1" for 127.0.0.1 at 2016-02-22 12:29:18 -0300


Started GET "/assets/application.self-f8806224e027f3e3f0138ea9ce99319e298dfdb323304d1f1be6eae8e8c74724.js?body=1" for 127.0.0.1 at 2016-02-22 12:29:18 -0300


Started GET "/assets/24208-712519cd375d5836e10ea5a565670efe811be098e58dcfe24ced5fe0af457d6c.jpg" for 127.0.0.1 at 2016-02-22 12:29:18 -0300


Started GET "/articles/new" for 127.0.0.1 at 2016-02-22 12:29:23 -0300
Processing by ArticlesController#new as HTML
  Rendered articles/_form.html.erb (13.0ms)
  Rendered articles/new.html.erb within layouts/application (14.6ms)
  Rendered layouts/_navigation.html.erb (0.6ms)
  Rendered layouts/_messages.html.erb (0.4ms)
  Rendered layouts/_footer.html.erb (0.3ms)
Completed 200 OK in 72ms (Views: 63.7ms | ActiveRecord: 0.5ms)


Started POST "/articles" for 127.0.0.1 at 2016-02-22 12:29:33 -0300
Processing by ArticlesController#create as HTML
  Parameters: {"utf8"=>"✓", "authenticity_token"=>"D7sWXgF9jdOORlDGftUValqrM8jL3g0xC+lz/moYeCP991qAQ1fcXcu1W1s0WKmxxIOi6LemE9J2LSbl6CH1uA==", "article"=>{"title"=>"Ruby", "description"=>"xczxczxc"}, "commit"=>"Create Article"}
  [1m[35m (0.1ms)[0m  begin transaction
  [1m[36m (0.0ms)[0m  [1mrollback transaction[0m
  Rendered articles/_form.html.erb (2.1ms)
  Rendered articles/new.html.erb within layouts/application (2.7ms)
  Rendered layouts/_navigation.html.erb (0.2ms)
  Rendered layouts/_messages.html.erb (0.0ms)
  Rendered layouts/_footer.html.erb (0.1ms)
Completed 200 OK in 40ms (Views: 38.2ms | ActiveRecord: 0.1ms)


Started POST "/articles" for 127.0.0.1 at 2016-02-22 12:29:36 -0300
Processing by ArticlesController#create as HTML
  Parameters: {"utf8"=>"✓", "authenticity_token"=>"+Wlur2g9otdJogcHcQccDHDLMOKLMlqKYSbCLQsyDcQLJSJxKhfzWQxRDJo7iqDX7uOhwvdKRGkc4pc2iQuAXw==", "article"=>{"title"=>"Ruby", "description"=>"xczxczxcczxczxc"}, "commit"=>"Create Article"}
  [1m[35m (0.1ms)[0m  begin transaction
  [1m[36mSQL (0.3ms)[0m  [1mINSERT INTO "articles" ("title", "description", "created_at", "updated_at") VALUES (?, ?, ?, ?)[0m  [["title", "Ruby"], ["description", "xczxczxcczxczxc"], ["created_at", "2016-02-22 15:29:36.402003"], ["updated_at", "2016-02-22 15:29:36.402003"]]
  [1m[35m (77.1ms)[0m  commit transaction
Redirected to http://localhost:3000/articles/1
Completed 302 Found in 83ms (ActiveRecord: 77.4ms)


Started GET "/articles/1" for 127.0.0.1 at 2016-02-22 12:29:36 -0300
Processing by ArticlesController#show as HTML
  Parameters: {"id"=>"1"}
  [1m[36mArticle Load (0.2ms)[0m  [1mSELECT  "articles".* FROM "articles" WHERE "articles"."id" = ? LIMIT 1[0m  [["id", 1]]
  Rendered articles/show.html.erb within layouts/application (0.6ms)
  Rendered layouts/_navigation.html.erb (0.2ms)
  Rendered layouts/_messages.html.erb (0.1ms)
  Rendered layouts/_footer.html.erb (0.1ms)
Completed 200 OK in 41ms (Views: 35.5ms | ActiveRecord: 0.2ms)


Started GET "/articles/new" for 127.0.0.1 at 2016-02-22 12:29:41 -0300
Processing by ArticlesController#new as HTML
  Rendered articles/_form.html.erb (1.4ms)
  Rendered articles/new.html.erb within layouts/application (2.2ms)
  Rendered layouts/_navigation.html.erb (0.2ms)
  Rendered layouts/_messages.html.erb (0.1ms)
  Rendered layouts/_footer.html.erb (0.1ms)
Completed 200 OK in 34ms (Views: 33.3ms | ActiveRecord: 0.0ms)


Started POST "/articles" for 127.0.0.1 at 2016-02-22 12:29:46 -0300
Processing by ArticlesController#create as HTML
  Parameters: {"utf8"=>"✓", "authenticity_token"=>"GnN9NQIBWGu0oIhlA2oH84qn+TrfUyaYN31RuCaptiroPzHrQCsJ5fFTg/hJ57soFI9oGqMrOHtKuQSjpJA7sQ==", "article"=>{"title"=>"czxczxc", "description"=>"xczczxc xzczxcc"}, "commit"=>"Create Article"}
  [1m[35m (0.1ms)[0m  begin transaction
  [1m[36mSQL (0.1ms)[0m  [1mINSERT INTO "articles" ("title", "description", "created_at", "updated_at") VALUES (?, ?, ?, ?)[0m  [["title", "czxczxc"], ["description", "xczczxc xzczxcc"], ["created_at", "2016-02-22 15:29:46.856196"], ["updated_at", "2016-02-22 15:29:46.856196"]]
  [1m[35m (198.0ms)[0m  commit transaction
Redirected to http://localhost:3000/articles/2
Completed 302 Found in 200ms (ActiveRecord: 198.2ms)


Started GET "/articles/2" for 127.0.0.1 at 2016-02-22 12:29:47 -0300
Processing by ArticlesController#show as HTML
  Parameters: {"id"=>"2"}
  [1m[36mArticle Load (0.1ms)[0m  [1mSELECT  "articles".* FROM "articles" WHERE "articles"."id" = ? LIMIT 1[0m  [["id", 2]]
  Rendered articles/show.html.erb within layouts/application (0.2ms)
  Rendered layouts/_navigation.html.erb (0.2ms)
  Rendered layouts/_messages.html.erb (0.0ms)
  Rendered layouts/_footer.html.erb (0.1ms)
Completed 200 OK in 30ms (Views: 29.6ms | ActiveRecord: 0.1ms)


Started GET "/" for 127.0.0.1 at 2016-02-22 12:29:51 -0300
Processing by PagesController#homepage as HTML
  Rendered pages/homepage.html.erb within layouts/application (0.7ms)
  Rendered layouts/_navigation.html.erb (0.3ms)
  Rendered layouts/_messages.html.erb (0.1ms)
  Rendered layouts/_footer.html.erb (0.1ms)
Completed 200 OK in 37ms (Views: 36.1ms | ActiveRecord: 0.0ms)


Started GET "/articles" for 127.0.0.1 at 2016-02-22 12:29:56 -0300
Processing by ArticlesController#index as HTML
  [1m[35mArticle Load (0.2ms)[0m  SELECT "articles".* FROM "articles"
  Rendered articles/index.html.erb within layouts/application (1.6ms)
  Rendered layouts/_navigation.html.erb (0.2ms)
  Rendered layouts/_messages.html.erb (0.1ms)
  Rendered layouts/_footer.html.erb (0.1ms)
Completed 200 OK in 43ms (Views: 42.3ms | ActiveRecord: 0.2ms)


Started GET "/articles/new" for 127.0.0.1 at 2016-02-22 12:30:03 -0300
Processing by ArticlesController#new as HTML
  Rendered articles/_form.html.erb (1.3ms)
  Rendered articles/new.html.erb within layouts/application (2.1ms)
  Rendered layouts/_navigation.html.erb (0.2ms)
  Rendered layouts/_messages.html.erb (0.0ms)
  Rendered layouts/_footer.html.erb (0.1ms)
Completed 200 OK in 37ms (Views: 35.9ms | ActiveRecord: 0.0ms)


Started GET "/articles" for 127.0.0.1 at 2016-02-22 12:30:06 -0300
Processing by ArticlesController#index as HTML
  [1m[36mArticle Load (0.1ms)[0m  [1mSELECT "articles".* FROM "articles"[0m
  Rendered articles/index.html.erb within layouts/application (0.9ms)
  Rendered layouts/_navigation.html.erb (0.2ms)
  Rendered layouts/_messages.html.erb (0.1ms)
  Rendered layouts/_footer.html.erb (0.1ms)
Completed 200 OK in 36ms (Views: 35.0ms | ActiveRecord: 0.1ms)


Started GET "/articles/1" for 127.0.0.1 at 2016-02-22 12:30:10 -0300
Processing by ArticlesController#show as HTML
  Parameters: {"id"=>"1"}
  [1m[35mArticle Load (0.1ms)[0m  SELECT  "articles".* FROM "articles" WHERE "articles"."id" = ? LIMIT 1  [["id", 1]]
  Rendered articles/show.html.erb within layouts/application (0.5ms)
  Rendered layouts/_navigation.html.erb (0.2ms)
  Rendered layouts/_messages.html.erb (0.0ms)
  Rendered layouts/_footer.html.erb (0.1ms)
Completed 200 OK in 32ms (Views: 31.2ms | ActiveRecord: 0.1ms)


Started GET "/articles" for 127.0.0.1 at 2016-02-22 12:30:13 -0300
Processing by ArticlesController#index as HTML
  [1m[36mArticle Load (0.1ms)[0m  [1mSELECT "articles".* FROM "articles"[0m
  Rendered articles/index.html.erb within layouts/application (1.0ms)
  Rendered layouts/_navigation.html.erb (0.3ms)
  Rendered layouts/_messages.html.erb (0.0ms)
  Rendered layouts/_footer.html.erb (0.1ms)
Completed 200 OK in 31ms (Views: 30.7ms | ActiveRecord: 0.1ms)


Started GET "/" for 127.0.0.1 at 2016-02-22 14:07:12 -0300
  [1m[36mActiveRecord::SchemaMigration Load (0.2ms)[0m  [1mSELECT "schema_migrations".* FROM "schema_migrations"[0m
Processing by PagesController#homepage as HTML
  Rendered pages/homepage.html.erb within layouts/application (1.5ms)
  Rendered layouts/_navigation.html.erb (0.7ms)
  Rendered layouts/_messages.html.erb (0.3ms)
  Rendered layouts/_footer.html.erb (0.3ms)
Completed 200 OK in 239ms (Views: 231.1ms | ActiveRecord: 0.0ms)


Started GET "/assets/custom.self-9c1ce6e48829935393b249cc494c29061727a1d8ab6bd9be26e4efce07827b02.css?body=1" for 127.0.0.1 at 2016-02-22 14:07:12 -0300


Started GET "/assets/application.self-e80e8f2318043e8af94dddc2adad5a4f09739a8ebb323b3ab31cd71d45fd9113.css?body=1" for 127.0.0.1 at 2016-02-22 14:07:12 -0300


Started GET "/assets/bootstrap/affix.self-3555752f8a930795ee9e56751a52e6871104ae85d01b3ab8363da3802a5ecc78.js?body=1" for 127.0.0.1 at 2016-02-22 14:07:12 -0300


Started GET "/assets/jquery.self-c64a74367bda6ef8b860f19e74df08927ca99d2be2ac934e9e92d5fd361e0da4.js?body=1" for 127.0.0.1 at 2016-02-22 14:07:12 -0300


Started GET "/assets/jquery_ujs.self-d602bdfe68ffc63b9f9cc512872aa3cfff046228a0a36e90dd476e8ef54c1b09.js?body=1" for 127.0.0.1 at 2016-02-22 14:07:12 -0300


Started GET "/assets/bootstrap/alert.self-d8b7bd612b3dcfdefb7b5539b9d5848d66ccbd3e7af8bb8d48bfb3288aaa7be8.js?body=1" for 127.0.0.1 at 2016-02-22 14:07:12 -0300


Started GET "/assets/bootstrap/button.self-e74d33ba39500940a78d6fa4d2d64f6ca7fd86d60a2149641f7fde7ba711d8a1.js?body=1" for 127.0.0.1 at 2016-02-22 14:07:12 -0300


Started GET "/assets/bootstrap/carousel.self-35d204878d906298e55bc24553e11fd89b980fc4ffe5792fe36af8c0da289c54.js?body=1" for 127.0.0.1 at 2016-02-22 14:07:12 -0300


Started GET "/assets/bootstrap/collapse.self-056c40532d9f0f126ec17e839f60c942f573fbd61a086e7f156306e3fc5e8c1f.js?body=1" for 127.0.0.1 at 2016-02-22 14:07:12 -0300


Started GET "/assets/bootstrap/dropdown.self-e56c2ffee4618411d43ecf15c89273f6223847ad756e1cd17545d04afa732ed4.js?body=1" for 127.0.0.1 at 2016-02-22 14:07:12 -0300


Started GET "/assets/bootstrap/modal.self-62463080dba6b9d024ff0a3192da0e76eacbc683194f3395047c6f5cfa0acb59.js?body=1" for 127.0.0.1 at 2016-02-22 14:07:12 -0300


Started GET "/assets/bootstrap/scrollspy.self-52afd90e8ba97d9f08617a13986e8869d6c4a45751c0bff59a6f91241e722aca.js?body=1" for 127.0.0.1 at 2016-02-22 14:07:12 -0300


Started GET "/assets/bootstrap/tab.self-dad0d5c377f9fae26394484535ebb23ccf68afae084f896af6ea4cdf8c9f6ae0.js?body=1" for 127.0.0.1 at 2016-02-22 14:07:12 -0300


Started GET "/assets/bootstrap/transition.self-3b268d4cd8c79e46ded7392885f72f64ffb5b0d49948a12b8cf9779f6163e13a.js?body=1" for 127.0.0.1 at 2016-02-22 14:07:12 -0300


Started GET "/assets/bootstrap/tooltip.self-facdc69246a072acb927ded77ff655f7c27a518b9357fddd45d119fbc8a0ab9f.js?body=1" for 127.0.0.1 at 2016-02-22 14:07:12 -0300


Started GET "/assets/bootstrap/popover.self-210cff1fb4b72b71a29b5122180cb5937c8145cd13a934dc838280f1d9607a3e.js?body=1" for 127.0.0.1 at 2016-02-22 14:07:12 -0300


Started GET "/assets/bootstrap-sprockets.self-fbfa5ad7d9aa0afe439ec4ff3883acc4cb92b62cb67c40d674320c9aa1d4642d.js?body=1" for 127.0.0.1 at 2016-02-22 14:07:12 -0300


Started GET "/assets/application.self-f8806224e027f3e3f0138ea9ce99319e298dfdb323304d1f1be6eae8e8c74724.js?body=1" for 127.0.0.1 at 2016-02-22 14:07:12 -0300


Started GET "/assets/turbolinks.self-c37727e9bd6b2735da5c311aa83fead54ed0be6cc8bd9a65309e9c5abe2cbfff.js?body=1" for 127.0.0.1 at 2016-02-22 14:07:12 -0300


Started GET "/assets/24208-712519cd375d5836e10ea5a565670efe811be098e58dcfe24ced5fe0af457d6c.jpg" for 127.0.0.1 at 2016-02-22 14:07:13 -0300


Started GET "/articles/new" for 127.0.0.1 at 2016-02-22 14:07:17 -0300
Processing by ArticlesController#new as HTML
  Rendered articles/_form.html.erb (10.4ms)
  Rendered articles/new.html.erb within layouts/application (11.2ms)
  Rendered layouts/_navigation.html.erb (0.6ms)
  Rendered layouts/_messages.html.erb (0.3ms)
  Rendered layouts/_footer.html.erb (0.2ms)
Completed 200 OK in 47ms (Views: 42.5ms | ActiveRecord: 0.2ms)


Started GET "/about" for 127.0.0.1 at 2016-02-22 14:07:21 -0300
Processing by PagesController#about as HTML
  Rendered pages/about.html.erb within layouts/application (0.3ms)
  Rendered layouts/_navigation.html.erb (0.2ms)
  Rendered layouts/_messages.html.erb (0.1ms)
  Rendered layouts/_footer.html.erb (0.1ms)
Completed 200 OK in 30ms (Views: 29.3ms | ActiveRecord: 0.0ms)


Started GET "/" for 127.0.0.1 at 2016-02-22 14:14:34 -0300
  [1m[36mActiveRecord::SchemaMigration Load (0.1ms)[0m  [1mSELECT "schema_migrations".* FROM "schema_migrations"[0m
Processing by PagesController#homepage as HTML
  Rendered pages/homepage.html.erb within layouts/application (0.9ms)
  Rendered layouts/_navigation.html.erb (1.3ms)
  Rendered layouts/_messages.html.erb (0.6ms)
  Rendered layouts/_footer.html.erb (0.4ms)
Completed 200 OK in 252ms (Views: 239.9ms | ActiveRecord: 0.0ms)


Started GET "/" for 127.0.0.1 at 2016-02-22 14:14:41 -0300
Processing by PagesController#homepage as HTML
  Rendered pages/homepage.html.erb within layouts/application (0.4ms)
  Rendered layouts/_navigation.html.erb (0.8ms)
  Rendered layouts/_messages.html.erb (0.3ms)
  Rendered layouts/_footer.html.erb (0.3ms)
Completed 200 OK in 81ms (Views: 80.8ms | ActiveRecord: 0.0ms)


Started GET "/articles/new" for 127.0.0.1 at 2016-02-22 14:14:44 -0300
Processing by ArticlesController#new as HTML
  Rendered articles/_form.html.erb (19.7ms)
  Rendered articles/new.html.erb within layouts/application (20.8ms)
  Rendered layouts/_navigation.html.erb (0.2ms)
  Rendered layouts/_messages.html.erb (0.0ms)
  Rendered layouts/_footer.html.erb (0.1ms)
Completed 200 OK in 63ms (Views: 52.2ms | ActiveRecord: 1.3ms)


Started POST "/articles" for 127.0.0.1 at 2016-02-22 14:14:51 -0300
Processing by ArticlesController#create as HTML
  Parameters: {"utf8"=>"✓", "authenticity_token"=>"/gzonegkoeho1u/t+cgio9ZSLrdy+JGHjzK+5aleG3qvKlybCaxCB4F7pnEW5GvMBzrMNLqKT/O7FASlsSEZEQ==", "article"=>{"title"=>"Artigo 1", "description"=>""}, "commit"=>"Create Article"}
  [1m[35m (0.1ms)[0m  begin transaction
  [1m[36m (0.1ms)[0m  [1mrollback transaction[0m
  Rendered articles/_form.html.erb (4.4ms)
  Rendered articles/new.html.erb within layouts/application (5.8ms)
  Rendered layouts/_navigation.html.erb (0.2ms)
  Rendered layouts/_messages.html.erb (0.1ms)
  Rendered layouts/_footer.html.erb (0.1ms)
Completed 200 OK in 50ms (Views: 47.0ms | ActiveRecord: 0.2ms)


Started POST "/articles" for 127.0.0.1 at 2016-02-22 14:15:00 -0300
Processing by ArticlesController#create as HTML
  Parameters: {"utf8"=>"✓", "authenticity_token"=>"EY0+rDtohmgxLuTFBxfJ8qCS7OvKhhYPrkJxygIL+cBAq4qq2uBlh9iDrVnoO4CdcfoOaAL0yHuaZMuKGnT7qw==", "article"=>{"title"=>"Artigo 1", "description"=>"cvxv xcvxcv xcvcxv"}, "commit"=>"Create Article"}
  [1m[35m (0.1ms)[0m  begin transaction
  [1m[36mSQL (0.3ms)[0m  [1mINSERT INTO "articles" ("title", "description", "created_at", "updated_at") VALUES (?, ?, ?, ?)[0m  [["title", "Artigo 1"], ["description", "cvxv xcvxcv xcvcxv"], ["created_at", "2016-02-22 17:15:00.170519"], ["updated_at", "2016-02-22 17:15:00.170519"]]
  [1m[35m (174.6ms)[0m  commit transaction
Redirected to http://localhost:3000/articles/3
Completed 302 Found in 180ms (ActiveRecord: 175.0ms)


Started GET "/articles/3" for 127.0.0.1 at 2016-02-22 14:15:00 -0300
Processing by ArticlesController#show as HTML
  Parameters: {"id"=>"3"}
  [1m[36mArticle Load (0.2ms)[0m  [1mSELECT  "articles".* FROM "articles" WHERE "articles"."id" = ? LIMIT 1[0m  [["id", 3]]
  Rendered articles/show.html.erb within layouts/application (0.7ms)
  Rendered layouts/_navigation.html.erb (0.2ms)
  Rendered layouts/_messages.html.erb (0.1ms)
  Rendered layouts/_footer.html.erb (0.1ms)
Completed 200 OK in 44ms (Views: 38.7ms | ActiveRecord: 0.2ms)


Started GET "/articles/3/edit" for 127.0.0.1 at 2016-02-22 14:15:07 -0300
Processing by ArticlesController#edit as HTML
  Parameters: {"id"=>"3"}
  [1m[35mArticle Load (0.1ms)[0m  SELECT  "articles".* FROM "articles" WHERE "articles"."id" = ? LIMIT 1  [["id", 3]]
  Rendered articles/_form.html.erb (1.3ms)
  Rendered articles/edit.html.erb within layouts/application (2.1ms)
  Rendered layouts/_navigation.html.erb (0.2ms)
  Rendered layouts/_messages.html.erb (0.1ms)
  Rendered layouts/_footer.html.erb (0.1ms)
Completed 200 OK in 50ms (Views: 49.2ms | ActiveRecord: 0.1ms)


Started PATCH "/articles/3" for 127.0.0.1 at 2016-02-22 14:15:11 -0300
Processing by ArticlesController#update as HTML
  Parameters: {"utf8"=>"✓", "authenticity_token"=>"o2h6WKVd3FSwqVHqaiBe6YQ0rII6VN3UeDIJTmPMMEbyTs5eRNU/u1kEGHaFDBeGVVxOAfImA6BMFLMOe7MyLQ==", "article"=>{"title"=>"Artigo 1", "description"=>"cvxv xcvxcv xcvcxv cvxcvxcv"}, "commit"=>"Update Article", "id"=>"3"}
  [1m[36mArticle Load (0.1ms)[0m  [1mSELECT  "articles".* FROM "articles" WHERE "articles"."id" = ? LIMIT 1[0m  [["id", 3]]
  [1m[35m (0.3ms)[0m  begin transaction
  [1m[36mSQL (0.3ms)[0m  [1mUPDATE "articles" SET "description" = ?, "updated_at" = ? WHERE "articles"."id" = ?[0m  [["description", "cvxv xcvxcv xcvcxv cvxcvxcv"], ["updated_at", "2016-02-22 17:15:11.364346"], ["id", 3]]
  [1m[35m (194.3ms)[0m  commit transaction
Redirected to http://localhost:3000/articles/3
Completed 302 Found in 199ms (ActiveRecord: 194.9ms)


Started GET "/articles/3" for 127.0.0.1 at 2016-02-22 14:15:11 -0300
Processing by ArticlesController#show as HTML
  Parameters: {"id"=>"3"}
  [1m[36mArticle Load (0.2ms)[0m  [1mSELECT  "articles".* FROM "articles" WHERE "articles"."id" = ? LIMIT 1[0m  [["id", 3]]
  Rendered articles/show.html.erb within layouts/application (0.2ms)
  Rendered layouts/_navigation.html.erb (0.2ms)
  Rendered layouts/_messages.html.erb (0.2ms)
  Rendered layouts/_footer.html.erb (0.1ms)
Completed 200 OK in 38ms (Views: 37.7ms | ActiveRecord: 0.2ms)


Started GET "/articles" for 127.0.0.1 at 2016-02-22 14:15:13 -0300
Processing by ArticlesController#index as HTML
  [1m[35mArticle Load (0.1ms)[0m  SELECT "articles".* FROM "articles"
  Rendered articles/index.html.erb within layouts/application (1.4ms)
  Rendered layouts/_navigation.html.erb (0.2ms)
  Rendered layouts/_messages.html.erb (0.1ms)
  Rendered layouts/_footer.html.erb (0.1ms)
Completed 200 OK in 43ms (Views: 42.4ms | ActiveRecord: 0.1ms)


Started GET "/articles/1" for 127.0.0.1 at 2016-02-22 14:15:19 -0300
Processing by ArticlesController#show as HTML
  Parameters: {"id"=>"1"}
  [1m[36mArticle Load (0.1ms)[0m  [1mSELECT  "articles".* FROM "articles" WHERE "articles"."id" = ? LIMIT 1[0m  [["id", 1]]
  Rendered articles/show.html.erb within layouts/application (0.6ms)
  Rendered layouts/_navigation.html.erb (0.2ms)
  Rendered layouts/_messages.html.erb (0.1ms)
  Rendered layouts/_footer.html.erb (0.1ms)
Completed 200 OK in 34ms (Views: 33.8ms | ActiveRecord: 0.1ms)


Started GET "/" for 127.0.0.1 at 2016-02-22 14:15:22 -0300
Processing by PagesController#homepage as HTML
  Rendered pages/homepage.html.erb within layouts/application (0.1ms)
  Rendered layouts/_navigation.html.erb (0.2ms)
  Rendered layouts/_messages.html.erb (0.0ms)
  Rendered layouts/_footer.html.erb (0.1ms)
Completed 200 OK in 37ms (Views: 36.5ms | ActiveRecord: 0.0ms)


Started GET "/" for 127.0.0.1 at 2016-02-22 14:15:40 -0300
Processing by PagesController#homepage as HTML
  Rendered pages/homepage.html.erb within layouts/application (0.1ms)
  Rendered layouts/_navigation.html.erb (0.3ms)
  Rendered layouts/_messages.html.erb (0.0ms)
  Rendered layouts/_footer.html.erb (0.1ms)
Completed 200 OK in 37ms (Views: 36.8ms | ActiveRecord: 0.0ms)


Started GET "/articles/new" for 127.0.0.1 at 2016-02-22 14:15:42 -0300
Processing by ArticlesController#new as HTML
  Rendered articles/_form.html.erb (1.5ms)
  Rendered articles/new.html.erb within layouts/application (2.1ms)
  Rendered layouts/_navigation.html.erb (0.3ms)
  Rendered layouts/_messages.html.erb (0.1ms)
  Rendered layouts/_footer.html.erb (0.2ms)
Completed 200 OK in 36ms (Views: 35.3ms | ActiveRecord: 0.0ms)


Started GET "/" for 127.0.0.1 at 2016-02-22 14:15:44 -0300
Processing by PagesController#homepage as HTML
  Rendered pages/homepage.html.erb within layouts/application (0.1ms)
  Rendered layouts/_navigation.html.erb (0.4ms)
  Rendered layouts/_messages.html.erb (0.1ms)
  Rendered layouts/_footer.html.erb (0.2ms)
Completed 200 OK in 42ms (Views: 41.2ms | ActiveRecord: 0.0ms)


Started GET "/" for 127.0.0.1 at 2016-02-22 14:44:04 -0300
Processing by PagesController#homepage as HTML
  Rendered pages/homepage.html.erb within layouts/application (0.1ms)
  Rendered layouts/_navigation.html.erb (0.2ms)
  Rendered layouts/_messages.html.erb (0.0ms)
  Rendered layouts/_footer.html.erb (0.1ms)
Completed 200 OK in 36ms (Views: 36.1ms | ActiveRecord: 0.0ms)


Started GET "/articles/new" for 127.0.0.1 at 2016-02-22 14:44:12 -0300
Processing by ArticlesController#new as HTML
  Rendered articles/_form.html.erb (1.4ms)
  Rendered articles/new.html.erb within layouts/application (2.1ms)
  Rendered layouts/_navigation.html.erb (0.2ms)
  Rendered layouts/_messages.html.erb (0.0ms)
  Rendered layouts/_footer.html.erb (0.1ms)
Completed 200 OK in 35ms (Views: 35.1ms | ActiveRecord: 0.0ms)


Started GET "/articles" for 127.0.0.1 at 2016-02-22 14:44:37 -0300
Processing by ArticlesController#index as HTML
  [1m[35mArticle Load (0.1ms)[0m  SELECT "articles".* FROM "articles"
  Rendered articles/index.html.erb within layouts/application (0.9ms)
  Rendered layouts/_navigation.html.erb (0.2ms)
  Rendered layouts/_messages.html.erb (0.0ms)
  Rendered layouts/_footer.html.erb (0.1ms)
Completed 200 OK in 33ms (Views: 32.1ms | ActiveRecord: 0.1ms)


Started GET "/articles/2" for 127.0.0.1 at 2016-02-22 14:44:39 -0300
Processing by ArticlesController#show as HTML
  Parameters: {"id"=>"2"}
  [1m[36mArticle Load (0.1ms)[0m  [1mSELECT  "articles".* FROM "articles" WHERE "articles"."id" = ? LIMIT 1[0m  [["id", 2]]
  Rendered articles/show.html.erb within layouts/application (0.2ms)
  Rendered layouts/_navigation.html.erb (0.2ms)
  Rendered layouts/_messages.html.erb (0.1ms)
  Rendered layouts/_footer.html.erb (0.1ms)
Completed 200 OK in 33ms (Views: 32.4ms | ActiveRecord: 0.1ms)


Started GET "/articles/2/edit" for 127.0.0.1 at 2016-02-22 14:44:42 -0300
Processing by ArticlesController#edit as HTML
  Parameters: {"id"=>"2"}
  [1m[35mArticle Load (0.1ms)[0m  SELECT  "articles".* FROM "articles" WHERE "articles"."id" = ? LIMIT 1  [["id", 2]]
  Rendered articles/_form.html.erb (1.1ms)
  Rendered articles/edit.html.erb within layouts/application (1.5ms)
  Rendered layouts/_navigation.html.erb (0.2ms)
  Rendered layouts/_messages.html.erb (0.1ms)
  Rendered layouts/_footer.html.erb (0.1ms)
Completed 200 OK in 40ms (Views: 39.1ms | ActiveRecord: 0.1ms)


Started GET "/articles" for 127.0.0.1 at 2016-02-22 14:44:45 -0300
Processing by ArticlesController#index as HTML
  [1m[36mArticle Load (0.2ms)[0m  [1mSELECT "articles".* FROM "articles"[0m
  Rendered articles/index.html.erb within layouts/application (1.4ms)
  Rendered layouts/_navigation.html.erb (0.1ms)
  Rendered layouts/_messages.html.erb (0.1ms)
  Rendered layouts/_footer.html.erb (0.1ms)
Completed 200 OK in 34ms (Views: 33.3ms | ActiveRecord: 0.2ms)


Started GET "/articles/new" for 127.0.0.1 at 2016-02-22 14:44:48 -0300
Processing by ArticlesController#new as HTML
  Rendered articles/_form.html.erb (1.3ms)
  Rendered articles/new.html.erb within layouts/application (2.0ms)
  Rendered layouts/_navigation.html.erb (0.1ms)
  Rendered layouts/_messages.html.erb (0.0ms)
  Rendered layouts/_footer.html.erb (0.1ms)
Completed 200 OK in 35ms (Views: 34.3ms | ActiveRecord: 0.0ms)


Started POST "/articles" for 127.0.0.1 at 2016-02-22 14:45:04 -0300
Processing by ArticlesController#create as HTML
  Parameters: {"utf8"=>"✓", "authenticity_token"=>"bJbu4ZWKsqYwn7iyV4WqSrgVF35/V3jLgjE5cXHx0eOe2qI/16DjKHVssy8dCBaRJj2GXgMvZij/9Wxq88hceA==", "article"=>{"title"=>"nnnnn", "description"=>""}, "commit"=>"Create Article"}
  [1m[35m (0.1ms)[0m  begin transaction
  [1m[36m (0.1ms)[0m  [1mrollback transaction[0m
  Rendered articles/_form.html.erb (2.9ms)
  Rendered articles/new.html.erb within layouts/application (7.3ms)
  Rendered layouts/_navigation.html.erb (0.2ms)
  Rendered layouts/_messages.html.erb (0.0ms)
  Rendered layouts/_footer.html.erb (0.1ms)
Completed 200 OK in 47ms (Views: 43.7ms | ActiveRecord: 0.2ms)


Started GET "/" for 127.0.0.1 at 2016-02-22 14:45:14 -0300
Processing by PagesController#homepage as HTML
  Rendered pages/homepage.html.erb within layouts/application (0.1ms)
  Rendered layouts/_navigation.html.erb (0.3ms)
  Rendered layouts/_messages.html.erb (0.1ms)
  Rendered layouts/_footer.html.erb (0.1ms)
Completed 200 OK in 46ms (Views: 45.4ms | ActiveRecord: 0.0ms)


Started GET "/" for 127.0.0.1 at 2016-02-22 14:45:17 -0300
Processing by PagesController#homepage as HTML
  Rendered pages/homepage.html.erb within layouts/application (0.1ms)
  Rendered layouts/_navigation.html.erb (0.2ms)
  Rendered layouts/_messages.html.erb (0.0ms)
  Rendered layouts/_footer.html.erb (0.1ms)
Completed 200 OK in 31ms (Views: 30.8ms | ActiveRecord: 0.0ms)


Started GET "/" for 127.0.0.1 at 2016-02-22 16:44:24 -0300
  [1m[36mActiveRecord::SchemaMigration Load (0.1ms)[0m  [1mSELECT "schema_migrations".* FROM "schema_migrations"[0m
Processing by PagesController#homepage as HTML
  Rendered pages/homepage.html.erb within layouts/application (1.1ms)
  Rendered layouts/_navigation.html.erb (0.6ms)
  Rendered layouts/_messages.html.erb (0.3ms)
  Rendered layouts/_footer.html.erb (0.3ms)
Completed 200 OK in 242ms (Views: 234.3ms | ActiveRecord: 0.0ms)


Started GET "/" for 127.0.0.1 at 2016-02-22 16:46:15 -0300
Processing by PagesController#homepage as HTML
  Rendered pages/homepage.html.erb within layouts/application (0.1ms)
  Rendered layouts/_navigation.html.erb (0.6ms)
  Rendered layouts/_messages.html.erb (0.0ms)
  Rendered layouts/_footer.html.erb (0.1ms)
Completed 200 OK in 80ms (Views: 79.5ms | ActiveRecord: 0.0ms)


Started GET "/" for 127.0.0.1 at 2016-02-22 16:48:29 -0300
Processing by PagesController#homepage as HTML
  Rendered pages/homepage.html.erb within layouts/application (0.4ms)
  Rendered layouts/_navigation.html.erb (0.5ms)
  Rendered layouts/_messages.html.erb (0.0ms)
  Rendered layouts/_footer.html.erb (0.1ms)
Completed 200 OK in 42ms (Views: 41.5ms | ActiveRecord: 0.0ms)


Started GET "/" for 127.0.0.1 at 2016-02-22 16:50:00 -0300
Processing by PagesController#homepage as HTML
  Rendered pages/homepage.html.erb within layouts/application (0.1ms)
  Rendered layouts/_navigation.html.erb (0.7ms)
  Rendered layouts/_messages.html.erb (0.1ms)
  Rendered layouts/_footer.html.erb (0.2ms)
Completed 200 OK in 31ms (Views: 31.0ms | ActiveRecord: 0.0ms)


Started GET "/articles" for 127.0.0.1 at 2016-02-22 16:50:05 -0300
Processing by ArticlesController#index as HTML
  [1m[35mArticle Load (0.2ms)[0m  SELECT "articles".* FROM "articles"
  Rendered articles/index.html.erb within layouts/application (7.5ms)
  Rendered layouts/_navigation.html.erb (0.5ms)
  Rendered layouts/_messages.html.erb (0.3ms)
  Rendered layouts/_footer.html.erb (0.2ms)
Completed 200 OK in 44ms (Views: 39.9ms | ActiveRecord: 0.6ms)


Started GET "/articles" for 127.0.0.1 at 2016-02-22 16:50:40 -0300
Processing by ArticlesController#index as HTML
  [1m[36mArticle Load (0.2ms)[0m  [1mSELECT "articles".* FROM "articles"[0m
  Rendered articles/index.html.erb within layouts/application (1.5ms)
  Rendered layouts/_navigation.html.erb (0.5ms)
  Rendered layouts/_messages.html.erb (0.1ms)
  Rendered layouts/_footer.html.erb (0.1ms)
Completed 200 OK in 37ms (Views: 36.3ms | ActiveRecord: 0.2ms)


Started GET "/articles/new" for 127.0.0.1 at 2016-02-22 16:50:44 -0300
Processing by ArticlesController#new as HTML
  Rendered articles/_form.html.erb (16.5ms)
  Rendered articles/new.html.erb within layouts/application (17.4ms)
  Rendered layouts/_navigation.html.erb (0.5ms)
  Rendered layouts/_messages.html.erb (0.1ms)
  Rendered layouts/_footer.html.erb (0.1ms)
Completed 200 OK in 55ms (Views: 54.1ms | ActiveRecord: 0.0ms)


Started POST "/articles" for 127.0.0.1 at 2016-02-22 16:50:52 -0300
Processing by ArticlesController#create as HTML
  Parameters: {"utf8"=>"✓", "authenticity_token"=>"LaIjJUGYXPauK3b6MDa+saF3Mwu+YvQwRbtYtILxc4bf7m/7A7INeOvYfWd6uwJqP1+iK8Ia6tM4fw2vAMj+HQ==", "article"=>{"title"=>"Peão", "description"=>"dsdsdsdsddsdds"}, "commit"=>"Create Article"}
  [1m[35m (0.1ms)[0m  begin transaction
  [1m[36mSQL (0.3ms)[0m  [1mINSERT INTO "articles" ("title", "description", "created_at", "updated_at") VALUES (?, ?, ?, ?)[0m  [["title", "Peão"], ["description", "dsdsdsdsddsdds"], ["created_at", "2016-02-22 19:50:52.262264"], ["updated_at", "2016-02-22 19:50:52.262264"]]
  [1m[35m (207.6ms)[0m  commit transaction
Redirected to http://localhost:3000/articles/4
Completed 302 Found in 214ms (ActiveRecord: 208.1ms)


Started GET "/articles/4" for 127.0.0.1 at 2016-02-22 16:50:52 -0300
Processing by ArticlesController#show as HTML
  Parameters: {"id"=>"4"}
  [1m[36mArticle Load (0.2ms)[0m  [1mSELECT  "articles".* FROM "articles" WHERE "articles"."id" = ? LIMIT 1[0m  [["id", 4]]
  Rendered articles/show.html.erb within layouts/application (0.5ms)
  Rendered layouts/_navigation.html.erb (0.2ms)
  Rendered layouts/_messages.html.erb (0.1ms)
  Rendered layouts/_footer.html.erb (0.1ms)
Completed 200 OK in 36ms (Views: 31.9ms | ActiveRecord: 0.2ms)


Started GET "/about" for 127.0.0.1 at 2016-02-22 16:51:48 -0300
Processing by PagesController#about as HTML
  Rendered pages/about.html.erb within layouts/application (0.4ms)
  Rendered layouts/_navigation.html.erb (0.2ms)
  Rendered layouts/_messages.html.erb (0.1ms)
  Rendered layouts/_footer.html.erb (0.3ms)
Completed 200 OK in 33ms (Views: 32.8ms | ActiveRecord: 0.0ms)


Started GET "/articles" for 127.0.0.1 at 2016-02-22 16:51:53 -0300
Processing by ArticlesController#index as HTML
  [1m[35mArticle Load (0.2ms)[0m  SELECT "articles".* FROM "articles"
  Rendered articles/index.html.erb within layouts/application (2.4ms)
  Rendered layouts/_navigation.html.erb (0.2ms)
  Rendered layouts/_messages.html.erb (0.0ms)
  Rendered layouts/_footer.html.erb (0.1ms)
Completed 200 OK in 47ms (Views: 45.9ms | ActiveRecord: 0.2ms)


Started GET "/" for 127.0.0.1 at 2016-02-22 16:51:57 -0300
Processing by PagesController#homepage as HTML
  Rendered pages/homepage.html.erb within layouts/application (0.3ms)
  Rendered layouts/_navigation.html.erb (0.4ms)
  Rendered layouts/_messages.html.erb (0.1ms)
  Rendered layouts/_footer.html.erb (0.1ms)
Completed 200 OK in 34ms (Views: 33.7ms | ActiveRecord: 0.0ms)


Started GET "/" for 127.0.0.1 at 2016-02-22 16:52:10 -0300
Processing by PagesController#homepage as HTML
  Rendered pages/homepage.html.erb within layouts/application (0.1ms)
  Rendered layouts/_navigation.html.erb (0.4ms)
  Rendered layouts/_messages.html.erb (0.1ms)
  Rendered layouts/_footer.html.erb (0.1ms)
Completed 200 OK in 34ms (Views: 33.8ms | ActiveRecord: 0.0ms)
